  Translation3D.cpp
  TransformationGeometrique3D.cpp
  Rotation3D.cpp
  Position3D.cpp
  Main.cpp
  Direction3D.cpp
  CoordonneesHomogenes3D.cpp
  PngFile.cpp
  ImageUtils.cpp
  Image.cpp
  Espace3UC.cpp
  ChargePngFile.cpp
  Generating Code...
  zutil.c
  uncompr.c
  trees.c
  pngwutil.c
  pngwtran.c
  pngwrite.c
  pngwio.c
  pngtrans.c
  pngset.c
  pngrutil.c
  pngrtran.c
  pngrio.c
  pngread.c
  pngpread.c
  pngmem.c
  pngget.c
  pngerror.c
  png.c
  inftrees.c
  inflate.c
  Generating Code...
  Compiling...
  inffast.c
  infback.c
  gzio.c
  deflate.c
  crc32.c
  compress.c
  adler32.c
  Generating Code...
  projet_labyrinthe.vcxproj -> C:\Users\Lloyd\Documents\Cours\M1\Semestre_8\IG\projet_labyrinthe\projet_labyrinthe\projet_labyrinthe\.\Temp\Debug\projet_labyrinthe\projet_labyrinthe.exe
  projet_labyrinthe.vcxproj -> .\Temp\Debug\projet_labyrinthe\projet_labyrinthe.pdb (Full PDB)
